Watching for file changes with StatReloader
Performing system checks...

System check identified no issues (0 silenced).
January 15, 2026 - 20:58:24
Django version 5.0.1, using settings 'van360sound.settings'
Starting development server at http://127.0.0.1:8000/
Quit the server with CONTROL-C.

[15/Jan/2026 20:58:27] "GET /api/headphones/ HTTP/1.1" 200 3389
[15/Jan/2026 20:58:33] "GET /api/headphones/?featured=true HTTP/1.1" 200 2298
[15/Jan/2026 20:58:33] "GET /api/articles/?page_size=6 HTTP/1.1" 200 1136
[15/Jan/2026 20:58:43] "GET /api/articles/?page_size=6 HTTP/1.1" 200 1136
[15/Jan/2026 20:58:43] "GET /api/headphones/?featured=true HTTP/1.1" 200 2298
[15/Jan/2026 20:58:43] "GET /api/articles/?page_size=6 HTTP/1.1" 200 1136
[15/Jan/2026 20:58:43] "GET /api/headphones/?featured=true HTTP/1.1" 200 2298
[15/Jan/2026 20:59:31] "GET /api/articles/?page_size=6 HTTP/1.1" 200 1136
[15/Jan/2026 20:59:31] "GET /api/headphones/?featured=true HTTP/1.1" 200 2298
[15/Jan/2026 20:59:31] "GET /api/articles/?page_size=6 HTTP/1.1" 200 1136
[15/Jan/2026 20:59:31] "GET /api/headphones/?featured=true HTTP/1.1" 200 2298
[15/Jan/2026 20:59:41] "GET /api/articles/?page_size=6 HTTP/1.1" 200 1136
[15/Jan/2026 20:59:41] "GET /api/headphones/?featured=true HTTP/1.1" 200 2298
[15/Jan/2026 20:59:41] "GET /api/articles/?page_size=6 HTTP/1.1" 200 1136
[15/Jan/2026 20:59:41] "GET /api/headphones/?featured=true HTTP/1.1" 200 2298
[15/Jan/2026 21:02:50] "GET /api/categories/ HTTP/1.1" 200 924
[15/Jan/2026 21:02:50] "GET /api/categories/ HTTP/1.1" 200 924
[15/Jan/2026 21:02:58] "GET /api/categories/ HTTP/1.1" 200 924
[15/Jan/2026 21:02:58] "GET /api/categories/ HTTP/1.1" 200 924
[15/Jan/2026 21:03:04] "GET /api/categories/ HTTP/1.1" 200 924
[15/Jan/2026 21:03:04] "GET /api/categories/ HTTP/1.1" 200 924
[15/Jan/2026 21:03:11] "GET /api/categories/ HTTP/1.1" 200 924
[15/Jan/2026 21:03:11] "GET /api/categories/ HTTP/1.1" 200 924
[15/Jan/2026 21:03:39] "GET /api/categories/ HTTP/1.1" 200 924
[15/Jan/2026 21:03:39] "GET /api/categories/ HTTP/1.1" 200 924
[15/Jan/2026 21:03:54] "GET /api/articles/?page_size=6 HTTP/1.1" 200 1136
[15/Jan/2026 21:03:54] "GET /api/headphones/?featured=true HTTP/1.1" 200 2298
[15/Jan/2026 21:03:54] "GET /api/articles/?page_size=6 HTTP/1.1" 200 1136
[15/Jan/2026 21:03:54] "GET /api/headphones/?featured=true HTTP/1.1" 200 2298
[15/Jan/2026 21:04:15] "GET /api/articles/?type=novedad HTTP/1.1" 200 433
[15/Jan/2026 21:04:15] "GET /api/articles/?type=novedad HTTP/1.1" 200 433
[15/Jan/2026 21:04:25] "GET /api/articles/?type=analisis HTTP/1.1" 200 433
[15/Jan/2026 21:04:25] "GET /api/articles/?type=analisis HTTP/1.1" 200 433
[15/Jan/2026 21:04:43] "GET /api/articles/?page_size=6 HTTP/1.1" 200 1136
[15/Jan/2026 21:04:43] "GET /api/headphones/?featured=true HTTP/1.1" 200 2298
[15/Jan/2026 21:04:43] "GET /api/articles/?page_size=6 HTTP/1.1" 200 1136
[15/Jan/2026 21:04:43] "GET /api/headphones/?featured=true HTTP/1.1" 200 2298
[15/Jan/2026 21:05:29] "GET /api/articles/?type=analisis HTTP/1.1" 200 433
[15/Jan/2026 21:05:29] "GET /api/articles/?type=analisis HTTP/1.1" 200 433
[15/Jan/2026 21:05:51] "GET /api/categories/ HTTP/1.1" 200 924
[15/Jan/2026 21:05:51] "GET /api/categories/ HTTP/1.1" 200 924
[15/Jan/2026 21:06:05] "GET /api/articles/?page_size=6 HTTP/1.1" 200 1136
[15/Jan/2026 21:06:05] "GET /api/headphones/?featured=true HTTP/1.1" 200 2298
[15/Jan/2026 21:06:05] "GET /api/articles/?page_size=6 HTTP/1.1" 200 1136
[15/Jan/2026 21:06:05] "GET /api/headphones/?featured=true HTTP/1.1" 200 2298
[15/Jan/2026 21:06:32] "GET /api/categories/ HTTP/1.1" 200 924
[15/Jan/2026 21:07:01] "GET /api/categories/ HTTP/1.1" 200 924
[15/Jan/2026 21:07:01] "GET /api/categories/ HTTP/1.1" 200 924
[15/Jan/2026 21:07:38] "GET /api/articles/?page_size=6 HTTP/1.1" 200 1136
[15/Jan/2026 21:07:38] "GET /api/headphones/?featured=true HTTP/1.1" 200 2298
[15/Jan/2026 21:07:38] "GET /api/articles/?page_size=6 HTTP/1.1" 200 1136
[15/Jan/2026 21:07:38] "GET /api/headphones/?featured=true HTTP/1.1" 200 2298
[15/Jan/2026 21:08:11] "GET /api/categories/ HTTP/1.1" 200 924
[15/Jan/2026 21:08:11] "GET /api/categories/ HTTP/1.1" 200 924
[15/Jan/2026 21:08:29] "GET /api/articles/?page_size=6 HTTP/1.1" 200 1136
[15/Jan/2026 21:08:29] "GET /api/headphones/?featured=true HTTP/1.1" 200 2298
[15/Jan/2026 21:08:29] "GET /api/articles/?page_size=6 HTTP/1.1" 200 1136
[15/Jan/2026 21:08:29] "GET /api/headphones/?featured=true HTTP/1.1" 200 2298
[15/Jan/2026 21:08:44] "GET /api/headphones/sennheiser-hd-800-s/ HTTP/1.1" 200 544
[15/Jan/2026 21:08:44] "GET /api/headphones/sennheiser-hd-800-s/ HTTP/1.1" 200 544
[15/Jan/2026 21:08:50] "GET /api/articles/?page_size=6 HTTP/1.1" 200 1136
[15/Jan/2026 21:08:50] "GET /api/headphones/?featured=true HTTP/1.1" 200 2298
[15/Jan/2026 21:08:50] "GET /api/articles/?page_size=6 HTTP/1.1" 200 1136
[15/Jan/2026 21:08:50] "GET /api/headphones/?featured=true HTTP/1.1" 200 2298
[15/Jan/2026 21:09:14] "GET /api/articles/guia-como-elegir-auriculares-gaming/ HTTP/1.1" 200 503
[15/Jan/2026 21:09:14] "GET /api/articles/guia-como-elegir-auriculares-gaming/ HTTP/1.1" 200 503
[15/Jan/2026 21:10:01] "GET /api/articles/guia-como-elegir-auriculares-gaming/ HTTP/1.1" 200 503
[15/Jan/2026 21:10:01] "GET /api/articles/guia-como-elegir-auriculares-gaming/ HTTP/1.1" 200 503
[15/Jan/2026 21:10:07] "GET /api/categories/ HTTP/1.1" 200 924
[15/Jan/2026 21:10:07] "GET /api/categories/ HTTP/1.1" 200 924
[15/Jan/2026 21:10:12] "GET /api/categories/noise-cancelling/ HTTP/1.1" 200 165
[15/Jan/2026 21:10:12] "GET /api/headphones/?category=noise-cancelling HTTP/1.1" 200 634
[15/Jan/2026 21:10:12] "GET /api/categories/noise-cancelling/ HTTP/1.1" 200 165
[15/Jan/2026 21:10:12] "GET /api/headphones/?category=noise-cancelling HTTP/1.1" 200 634
[15/Jan/2026 21:10:14] "GET /api/articles/?type=analisis HTTP/1.1" 200 433
[15/Jan/2026 21:10:14] "GET /api/articles/?type=analisis HTTP/1.1" 200 433
[15/Jan/2026 21:10:19] "GET /api/articles/?type=novedad HTTP/1.1" 200 433
[15/Jan/2026 21:10:19] "GET /api/articles/?type=novedad HTTP/1.1" 200 433
[15/Jan/2026 21:10:21] "GET /api/categories/ HTTP/1.1" 200 924
[15/Jan/2026 21:10:21] "GET /api/categories/ HTTP/1.1" 200 924
[15/Jan/2026 21:10:50] "GET /api/articles/?page_size=6 HTTP/1.1" 200 1136
[15/Jan/2026 21:10:50] "GET /api/headphones/?featured=true HTTP/1.1" 200 2298
[15/Jan/2026 21:17:18] "GET /api/categories/hifi/ HTTP/1.1" 200 137
[15/Jan/2026 21:17:18] "GET /api/headphones/?category=hifi HTTP/1.1" 200 3433
[15/Jan/2026 21:17:18] "GET /api/categories/hifi/ HTTP/1.1" 200 137
[15/Jan/2026 21:17:18] "GET /api/headphones/?category=hifi HTTP/1.1" 200 3433
[15/Jan/2026 21:18:17] "GET /api/headphones/audeze-lcd-2/ HTTP/1.1" 200 654
[15/Jan/2026 21:18:17] "GET /api/headphones/audeze-lcd-2/ HTTP/1.1" 200 654
[15/Jan/2026 21:18:27] "GET /api/categories/ HTTP/1.1" 200 924
[15/Jan/2026 21:18:27] "GET /api/categories/ HTTP/1.1" 200 924
[15/Jan/2026 21:18:31] "GET /api/categories/hifi/ HTTP/1.1" 200 137
[15/Jan/2026 21:18:31] "GET /api/headphones/?category=hifi HTTP/1.1" 200 3433
[15/Jan/2026 21:18:31] "GET /api/categories/hifi/ HTTP/1.1" 200 137
[15/Jan/2026 21:18:31] "GET /api/headphones/?category=hifi HTTP/1.1" 200 3433
[15/Jan/2026 21:21:29] "GET /api/categories/hifi/ HTTP/1.1" 200 137
[15/Jan/2026 21:21:29] "GET /api/headphones/?category=hifi HTTP/1.1" 200 3790
[15/Jan/2026 21:21:29] "GET /api/categories/hifi/ HTTP/1.1" 200 137
[15/Jan/2026 21:21:29] "GET /api/headphones/?category=hifi HTTP/1.1" 200 3790
[15/Jan/2026 21:21:29] "GET /media/headphones/hifi/4.%20Beyerdynamic_DT1990_pro.webp HTTP/1.1" 200 88282
[15/Jan/2026 21:21:29] "GET /media/headphones/hifi/5.%20Hifiman%20sundara.webp HTTP/1.1" 200 102160
[15/Jan/2026 21:21:29] "GET /media/headphones/hifi/1.%20sennheiser_hd800s.webp HTTP/1.1" 200 106904
[15/Jan/2026 21:21:29] "GET /media/headphones/hifi/2.%20Audeze%20LCD2%20Planar.webp HTTP/1.1" 200 103164
[15/Jan/2026 21:21:29] "GET /media/headphones/hifi/3.%20Focal%20Clear%20MG.webp HTTP/1.1" 200 135532
[15/Jan/2026 21:22:32] "GET /api/headphones/audeze-lcd-2/ HTTP/1.1" 200 728
[15/Jan/2026 21:22:32] "GET /api/headphones/audeze-lcd-2/ HTTP/1.1" 200 728
[15/Jan/2026 21:22:37] "GET /api/categories/hifi/ HTTP/1.1" 200 137
[15/Jan/2026 21:22:37] "GET /api/headphones/?category=hifi HTTP/1.1" 200 3790
[15/Jan/2026 21:22:37] "GET /api/categories/hifi/ HTTP/1.1" 200 137
[15/Jan/2026 21:22:37] "GET /api/headphones/?category=hifi HTTP/1.1" 200 3790
[15/Jan/2026 21:22:38] "GET /api/categories/ HTTP/1.1" 200 924
[15/Jan/2026 21:22:38] "GET /api/categories/ HTTP/1.1" 200 924
[15/Jan/2026 21:23:24] "GET /api/categories/hifi/ HTTP/1.1" 200 137
[15/Jan/2026 21:23:24] "GET /api/headphones/?category=hifi HTTP/1.1" 200 3790
[15/Jan/2026 21:23:24] "GET /api/categories/hifi/ HTTP/1.1" 200 137
[15/Jan/2026 21:23:24] "GET /api/headphones/?category=hifi HTTP/1.1" 200 3790
[15/Jan/2026 21:23:24] "GET /media/headphones/hifi/3.%20Focal%20Clear%20MG.webp HTTP/1.1" 304 0
[15/Jan/2026 21:23:24] "GET /media/headphones/hifi/4.%20Beyerdynamic_DT1990_pro.webp HTTP/1.1" 304 0
[15/Jan/2026 21:23:24] "GET /media/headphones/hifi/1.%20sennheiser_hd800s.webp HTTP/1.1" 304 0
[15/Jan/2026 21:23:24] "GET /media/headphones/hifi/2.%20Audeze%20LCD2%20Planar.webp HTTP/1.1" 304 0
[15/Jan/2026 21:23:24] "GET /media/headphones/hifi/5.%20Hifiman%20sundara.webp HTTP/1.1" 304 0
/Users/francervantesruiz/Documents/0_webs/proyecto_web/backend/blog/models.py changed, reloading.
Watching for file changes with StatReloader
Performing system checks...

System check identified no issues (0 silenced).
January 15, 2026 - 21:26:12
Django version 5.0.1, using settings 'van360sound.settings'
Starting development server at http://127.0.0.1:8000/
Quit the server with CONTROL-C.

/Users/francervantesruiz/Documents/0_webs/proyecto_web/backend/blog/serializers.py changed, reloading.
Watching for file changes with StatReloader
Performing system checks...

System check identified no issues (0 silenced).
January 15, 2026 - 21:28:13
Django version 5.0.1, using settings 'van360sound.settings'
Starting development server at http://127.0.0.1:8000/
Quit the server with CONTROL-C.

[15/Jan/2026 21:28:37] "GET /api/categories/hifi/ HTTP/1.1" 200 137
[15/Jan/2026 21:28:37] "GET /api/headphones/?category=hifi HTTP/1.1" 200 4796
[15/Jan/2026 21:28:46] "GET /api/categories/hifi/ HTTP/1.1" 200 137
[15/Jan/2026 21:28:46] "GET /api/headphones/?category=hifi HTTP/1.1" 200 4796
[15/Jan/2026 21:28:46] "GET /api/categories/hifi/ HTTP/1.1" 200 137
[15/Jan/2026 21:28:47] "GET /api/headphones/?category=hifi HTTP/1.1" 200 4796
[15/Jan/2026 21:28:47] "GET /media/headphones/hifi/4.%20Beyerdynamic_DT1990_pro.webp HTTP/1.1" 304 0
[15/Jan/2026 21:28:47] "GET /media/headphones/hifi/2.%20Audeze%20LCD2%20Planar.webp HTTP/1.1" 304 0
[15/Jan/2026 21:28:47] "GET /media/headphones/hifi/3.%20Focal%20Clear%20MG.webp HTTP/1.1" 304 0
[15/Jan/2026 21:28:47] "GET /media/headphones/hifi/1.%20sennheiser_hd800s.webp HTTP/1.1" 304 0
[15/Jan/2026 21:28:47] "GET /media/headphones/hifi/5.%20Hifiman%20sundara.webp HTTP/1.1" 304 0
[15/Jan/2026 21:30:39] "GET /api/categories/ HTTP/1.1" 200 924
[15/Jan/2026 21:30:39] "GET /api/categories/ HTTP/1.1" 200 924
[15/Jan/2026 21:30:41] "GET /api/categories/hifi/ HTTP/1.1" 200 137
[15/Jan/2026 21:30:41] "GET /api/headphones/?category=hifi HTTP/1.1" 200 4796
[15/Jan/2026 21:30:41] "GET /api/categories/hifi/ HTTP/1.1" 200 137
[15/Jan/2026 21:30:41] "GET /api/headphones/?category=hifi HTTP/1.1" 200 4796
/Users/francervantesruiz/Documents/0_webs/proyecto_web/backend/blog/admin.py changed, reloading.
Watching for file changes with StatReloader
Performing system checks...

System check identified no issues (0 silenced).
January 15, 2026 - 21:33:23
Django version 5.0.1, using settings 'van360sound.settings'
Starting development server at http://127.0.0.1:8000/
Quit the server with CONTROL-C.

[15/Jan/2026 21:34:17] "GET /admin HTTP/1.1" 301 0
[15/Jan/2026 21:34:19] "GET /admin/ HTTP/1.1" 302 0
[15/Jan/2026 21:34:44] "GET /admin/login/?next=/admin/ HTTP/1.1" 200 4224
[15/Jan/2026 21:34:46] "GET /static/admin/css/nav_sidebar.css HTTP/1.1" 200 2810
[15/Jan/2026 21:34:46] "GET /admin/ HTTP/1.1" 302 0
[15/Jan/2026 21:34:46] "GET /static/admin/js/theme.js HTTP/1.1" 200 1943
[15/Jan/2026 21:34:46] "GET /admin/login/?next=/admin/ HTTP/1.1" 200 4224
[15/Jan/2026 21:34:46] "GET /static/admin/css/login.css HTTP/1.1" 200 958
[15/Jan/2026 21:34:47] "GET /static/admin/css/responsive.css HTTP/1.1" 200 17905
[15/Jan/2026 21:34:47] "GET /static/admin/css/dark_mode.css HTTP/1.1" 200 2682
[15/Jan/2026 21:34:48] "GET /static/admin/css/base.css HTTP/1.1" 200 21544
[15/Jan/2026 21:34:48] "GET /static/admin/js/nav_sidebar.js HTTP/1.1" 200 3063
Not Found: /favicon.ico
[15/Jan/2026 21:34:48] "GET /favicon.ico HTTP/1.1" 404 2345
Not Found: /favicon.ico
[15/Jan/2026 21:34:48] "GET /favicon.ico HTTP/1.1" 404 2345
[15/Jan/2026 21:35:21] "POST /admin/login/?next=/admin/ HTTP/1.1" 302 0
[15/Jan/2026 21:35:24] "GET /admin/ HTTP/1.1" 200 7596
[15/Jan/2026 21:35:26] "GET /static/admin/css/dashboard.css HTTP/1.1" 200 441
[15/Jan/2026 21:35:26] "GET /static/admin/img/icon-changelink.svg HTTP/1.1" 200 380
[15/Jan/2026 21:35:26] "GET /static/admin/img/icon-addlink.svg HTTP/1.1" 200 331
[15/Jan/2026 21:36:47,012] - Broken pipe from ('127.0.0.1', 51112)
[15/Jan/2026 21:36:56] "GET /admin/blog/headphone/add/ HTTP/1.1" 200 28281
[15/Jan/2026 21:36:56,473] - Broken pipe from ('127.0.0.1', 51109)
[15/Jan/2026 21:39:50] "GET /media/headphones/hifi/5.%20Hifiman%20sundara.webp HTTP/1.1" 200 102160
[15/Jan/2026 21:39:50] "GET /media/headphones/hifi/3.%20Focal%20Clear%20MG.webp HTTP/1.1" 200 135532
[15/Jan/2026 21:39:50] "GET /media/headphones/hifi/2.%20Audeze%20LCD2%20Planar.webp HTTP/1.1" 200 103164
[15/Jan/2026 21:39:50] "GET /media/headphones/hifi/1.%20sennheiser_hd800s.webp HTTP/1.1" 200 106904
[15/Jan/2026 21:39:50] "GET /media/headphones/hifi/4.%20Beyerdynamic_DT1990_pro.webp HTTP/1.1" 200 88282
[15/Jan/2026 21:54:53] "GET /api/categories/ HTTP/1.1" 200 924
[15/Jan/2026 21:54:53] "GET /api/categories/ HTTP/1.1" 200 924
[15/Jan/2026 21:59:24] "GET /media/headphones/hifi/3.%20Focal%20Clear%20MG.webp HTTP/1.1" 304 0
[15/Jan/2026 21:59:24] "GET /media/headphones/hifi/1.%20sennheiser_hd800s.webp HTTP/1.1" 304 0
[15/Jan/2026 21:59:24] "GET /media/headphones/hifi/2.%20Audeze%20LCD2%20Planar.webp HTTP/1.1" 304 0
[15/Jan/2026 21:59:24] "GET /media/headphones/hifi/5.%20Hifiman%20sundara.webp HTTP/1.1" 304 0
[15/Jan/2026 21:59:24] "GET /media/headphones/hifi/4.%20Beyerdynamic_DT1990_pro.webp HTTP/1.1" 304 0
[15/Jan/2026 22:03:35] "GET /api/headphones/focal-clear-mg/ HTTP/1.1" 200 964
[15/Jan/2026 22:03:35] "GET /media/headphones/hifi/3.%20Focal%20Clear%20MG.webp HTTP/1.1" 304 0
[15/Jan/2026 22:03:35] "GET /api/headphones/focal-clear-mg/ HTTP/1.1" 200 964
[15/Jan/2026 22:04:16] "GET /api/categories/ HTTP/1.1" 200 924
[15/Jan/2026 22:04:16] "GET /api/categories/ HTTP/1.1" 200 924
[15/Jan/2026 22:08:08] "GET /media/headphones/hifi/3.%20Focal%20Clear%20MG.webp HTTP/1.1" 304 0
[15/Jan/2026 22:08:08] "GET /media/headphones/hifi/1.%20sennheiser_hd800s.webp HTTP/1.1" 304 0
[15/Jan/2026 22:08:08] "GET /media/headphones/hifi/4.%20Beyerdynamic_DT1990_pro.webp HTTP/1.1" 304 0
[15/Jan/2026 22:08:08] "GET /media/headphones/hifi/2.%20Audeze%20LCD2%20Planar.webp HTTP/1.1" 304 0
[15/Jan/2026 22:08:08] "GET /media/headphones/hifi/5.%20Hifiman%20sundara.webp HTTP/1.1" 304 0
[15/Jan/2026 22:08:08] "GET /api/categories/ HTTP/1.1" 200 924
[15/Jan/2026 22:08:08] "GET /api/categories/ HTTP/1.1" 200 924
[15/Jan/2026 22:08:08] "GET /api/categories/ HTTP/1.1" 200 924
[15/Jan/2026 22:08:08] "GET /api/categories/ HTTP/1.1" 200 924
[15/Jan/2026 22:09:47] "GET /api/categories/ HTTP/1.1" 200 924
[15/Jan/2026 22:09:47] "GET /api/categories/ HTTP/1.1" 200 924
[15/Jan/2026 22:09:47] "GET /api/categories/ HTTP/1.1" 200 924
[15/Jan/2026 22:09:47] "GET /api/categories/ HTTP/1.1" 200 924
[16/Jan/2026 07:55:15] "GET /media/headphones/hifi/1.%20sennheiser_hd800s.webp HTTP/1.1" 304 0
[16/Jan/2026 07:55:15] "GET /media/headphones/hifi/3.%20Focal%20Clear%20MG.webp HTTP/1.1" 304 0
[16/Jan/2026 07:55:15] "GET /media/headphones/hifi/4.%20Beyerdynamic_DT1990_pro.webp HTTP/1.1" 304 0
[16/Jan/2026 07:55:15] "GET /media/headphones/hifi/5.%20Hifiman%20sundara.webp HTTP/1.1" 304 0
[16/Jan/2026 07:55:15] "GET /media/headphones/hifi/2.%20Audeze%20LCD2%20Planar.webp HTTP/1.1" 304 0
[16/Jan/2026 13:46:20] "GET /media/headphones/hifi/3.%20Focal%20Clear%20MG.webp HTTP/1.1" 304 0
[16/Jan/2026 13:46:20] "GET /media/headphones/hifi/5.%20Hifiman%20sundara.webp HTTP/1.1" 304 0
[16/Jan/2026 13:46:20] "GET /media/headphones/hifi/4.%20Beyerdynamic_DT1990_pro.webp HTTP/1.1" 304 0
[16/Jan/2026 13:46:20] "GET /media/headphones/hifi/2.%20Audeze%20LCD2%20Planar.webp HTTP/1.1" 304 0
[16/Jan/2026 13:46:20] "GET /media/headphones/hifi/1.%20sennheiser_hd800s.webp HTTP/1.1" 304 0
[17/Jan/2026 10:07:28] "GET /media/headphones/hifi/4.%20Beyerdynamic_DT1990_pro.webp HTTP/1.1" 200 88282
[17/Jan/2026 10:07:28] "GET /media/headphones/hifi/2.%20Audeze%20LCD2%20Planar.webp HTTP/1.1" 200 103164
[17/Jan/2026 10:07:28] "GET /media/headphones/hifi/1.%20sennheiser_hd800s.webp HTTP/1.1" 200 106904
[17/Jan/2026 10:07:28] "GET /media/headphones/hifi/5.%20Hifiman%20sundara.webp HTTP/1.1" 200 102160
[17/Jan/2026 10:07:28] "GET /media/headphones/hifi/3.%20Focal%20Clear%20MG.webp HTTP/1.1" 200 135532
/Users/francervantesruiz/Documents/0_webs/proyecto_web/backend/blog/models.py changed, reloading.
Watching for file changes with StatReloader
Performing system checks...

System check identified no issues (0 silenced).
January 17, 2026 - 10:12:13
Django version 5.0.1, using settings 'van360sound.settings'
Starting development server at http://127.0.0.1:8000/
Quit the server with CONTROL-C.

/Users/francervantesruiz/Documents/0_webs/proyecto_web/backend/blog/admin.py changed, reloading.
Watching for file changes with StatReloader
Performing system checks...

System check identified no issues (0 silenced).
January 17, 2026 - 10:12:31
Django version 5.0.1, using settings 'van360sound.settings'
Starting development server at http://127.0.0.1:8000/
Quit the server with CONTROL-C.

/Users/francervantesruiz/Documents/0_webs/proyecto_web/backend/blog/admin.py changed, reloading.
Watching for file changes with StatReloader
Performing system checks...

System check identified no issues (0 silenced).
January 17, 2026 - 10:12:45
Django version 5.0.1, using settings 'van360sound.settings'
Starting development server at http://127.0.0.1:8000/
Quit the server with CONTROL-C.

/Users/francervantesruiz/Documents/0_webs/proyecto_web/backend/blog/serializers.py changed, reloading.
Watching for file changes with StatReloader
Performing system checks...

System check identified no issues (0 silenced).
January 17, 2026 - 10:13:00
Django version 5.0.1, using settings 'van360sound.settings'
Starting development server at http://127.0.0.1:8000/
Quit the server with CONTROL-C.

/Users/francervantesruiz/Documents/0_webs/proyecto_web/backend/blog/serializers.py changed, reloading.
Watching for file changes with StatReloader
Performing system checks...

System check identified no issues (0 silenced).
January 17, 2026 - 10:13:13
Django version 5.0.1, using settings 'van360sound.settings'
Starting development server at http://127.0.0.1:8000/
Quit the server with CONTROL-C.

/Users/francervantesruiz/Documents/0_webs/proyecto_web/backend/blog/views.py changed, reloading.
Watching for file changes with StatReloader
Performing system checks...

System check identified no issues (0 silenced).
January 17, 2026 - 10:13:32
Django version 5.0.1, using settings 'van360sound.settings'
Starting development server at http://127.0.0.1:8000/
Quit the server with CONTROL-C.

/Users/francervantesruiz/Documents/0_webs/proyecto_web/backend/blog/views.py changed, reloading.
Watching for file changes with StatReloader
Performing system checks...

System check identified no issues (0 silenced).
January 17, 2026 - 10:13:46
Django version 5.0.1, using settings 'van360sound.settings'
Starting development server at http://127.0.0.1:8000/
Quit the server with CONTROL-C.

/Users/francervantesruiz/Documents/0_webs/proyecto_web/backend/blog/urls.py changed, reloading.
Watching for file changes with StatReloader
Performing system checks...

System check identified no issues (0 silenced).
January 17, 2026 - 10:14:02
Django version 5.0.1, using settings 'van360sound.settings'
Starting development server at http://127.0.0.1:8000/
Quit the server with CONTROL-C.

[17/Jan/2026 10:15:59] "GET /api/comments/ HTTP/1.1" 200 52
[17/Jan/2026 10:15:59] "GET /api/comments/ HTTP/1.1" 200 52
[17/Jan/2026 10:15:59] "GET /api/comments/ HTTP/1.1" 200 52
[17/Jan/2026 10:15:59] "GET /api/comments/ HTTP/1.1" 200 52
[17/Jan/2026 10:15:59] "GET /api/comments/ HTTP/1.1" 200 52
[17/Jan/2026 10:15:59] "GET /api/comments/ HTTP/1.1" 200 52
[17/Jan/2026 10:15:59] "GET /api/comments/ HTTP/1.1" 200 52
[17/Jan/2026 10:15:59] "GET /api/comments/ HTTP/1.1" 200 52
[17/Jan/2026 10:15:59] "GET /api/comments/ HTTP/1.1" 200 52
[17/Jan/2026 10:15:59] "GET /api/comments/ HTTP/1.1" 200 52
[17/Jan/2026 10:15:59] "GET /api/comments/ HTTP/1.1" 200 52
/Users/francervantesruiz/Documents/0_webs/proyecto_web/backend/blog/serializers.py changed, reloading.
Watching for file changes with StatReloader
Performing system checks...

System check identified no issues (0 silenced).
January 17, 2026 - 10:16:14
Django version 5.0.1, using settings 'van360sound.settings'
Starting development server at http://127.0.0.1:8000/
Quit the server with CONTROL-C.

[17/Jan/2026 10:16:30] "GET /api/comments/?category=hifi HTTP/1.1" 200 52
[17/Jan/2026 10:16:30] "GET /api/comments/?category=hifi HTTP/1.1" 200 52
[17/Jan/2026 10:16:30] "GET /api/comments/?category=hifi HTTP/1.1" 200 52
[17/Jan/2026 10:16:30] "GET /api/comments/?category=hifi HTTP/1.1" 200 52
[17/Jan/2026 10:16:30] "GET /api/comments/?category=hifi HTTP/1.1" 200 52
[17/Jan/2026 10:16:30] "GET /api/comments/?category=hifi HTTP/1.1" 200 52
[17/Jan/2026 10:16:43] "GET /api/comments/?category=hifi HTTP/1.1" 200 52
[17/Jan/2026 10:16:43] "GET /api/comments/?category=hifi HTTP/1.1" 200 52
[17/Jan/2026 10:16:43] "GET /api/comments/?category=hifi HTTP/1.1" 200 52
[17/Jan/2026 10:16:43] "GET /api/comments/?category=hifi HTTP/1.1" 200 52
[17/Jan/2026 10:16:43] "GET /api/comments/?category=hifi HTTP/1.1" 200 52
[17/Jan/2026 10:16:43] "GET /api/comments/?category=hifi HTTP/1.1" 200 52
[17/Jan/2026 10:18:43] "GET /admin/ HTTP/1.1" 302 0
[17/Jan/2026 10:18:44] "GET /admin/login/?next=/admin/ HTTP/1.1" 200 4224
[17/Jan/2026 10:18:44] "GET /static/admin/js/theme.js HTTP/1.1" 200 1943
[17/Jan/2026 10:18:44] "GET /static/admin/css/dark_mode.css HTTP/1.1" 200 2682
[17/Jan/2026 10:18:44] "GET /static/admin/css/nav_sidebar.css HTTP/1.1" 200 2810
[17/Jan/2026 10:18:44] "GET /static/admin/css/login.css HTTP/1.1" 200 958
[17/Jan/2026 10:18:44] "GET /static/admin/js/nav_sidebar.js HTTP/1.1" 200 3063
[17/Jan/2026 10:18:44] "GET /static/admin/css/base.css HTTP/1.1" 200 21544
[17/Jan/2026 10:18:44] "GET /static/admin/css/responsive.css HTTP/1.1" 200 17905
Not Found: /favicon.ico
[17/Jan/2026 10:18:44] "GET /favicon.ico HTTP/1.1" 404 2345
[17/Jan/2026 10:23:09] "GET /admin/login/?next=/admin/ HTTP/1.1" 200 4224
[17/Jan/2026 10:23:17] "POST /admin/login/?next=/admin/ HTTP/1.1" 302 0
[17/Jan/2026 10:23:17] "GET /admin/ HTTP/1.1" 200 8025
[17/Jan/2026 10:23:17] "GET /static/admin/css/dashboard.css HTTP/1.1" 200 441
[17/Jan/2026 10:23:17] "GET /static/admin/img/icon-addlink.svg HTTP/1.1" 200 331
[17/Jan/2026 10:23:17] "GET /static/admin/img/icon-changelink.svg HTTP/1.1" 200 380
[17/Jan/2026 10:23:27] "GET /admin/blog/article/add/ HTTP/1.1" 200 17427
[17/Jan/2026 10:23:28] "GET /static/admin/js/core.js HTTP/1.1" 200 6208
[17/Jan/2026 10:23:28] "GET /static/admin/js/admin/RelatedObjectLookups.js HTTP/1.1" 200 9042
[17/Jan/2026 10:23:29] "GET /static/admin/js/vendor/jquery/jquery.js HTTP/1.1" 200 285314
[17/Jan/2026 10:23:29] "GET /static/admin/js/jquery.init.js HTTP/1.1" 200 347
[17/Jan/2026 10:23:29] "GET /static/admin/css/forms.css HTTP/1.1" 200 9090
[17/Jan/2026 10:23:29] "GET /static/admin/js/vendor/xregexp/xregexp.js HTTP/1.1" 200 325171
[17/Jan/2026 10:23:30] "GET /static/admin/js/actions.js HTTP/1.1" 200 8067
[17/Jan/2026 10:23:30] "GET /static/admin/js/prepopulate.js HTTP/1.1" 200 1531
[17/Jan/2026 10:23:30] "GET /admin/jsi18n/ HTTP/1.1" 200 8691
[17/Jan/2026 10:23:30] "GET /static/admin/js/urlify.js HTTP/1.1" 200 7887
[17/Jan/2026 10:23:30] "GET /static/admin/js/prepopulate_init.js HTTP/1.1" 200 586
[17/Jan/2026 10:23:31] "GET /static/admin/js/change_form.js HTTP/1.1" 200 606
[17/Jan/2026 10:23:31] "GET /static/admin/css/widgets.css HTTP/1.1" 200 11800
[17/Jan/2026 10:23:32] "GET /static/admin/img/icon-deletelink.svg HTTP/1.1" 200 392
[17/Jan/2026 10:23:33] "GET /static/admin/img/icon-viewlink.svg HTTP/1.1" 200 581
[17/Jan/2026 10:23:53] "GET /admin/blog/ HTTP/1.1" 200 6860
[17/Jan/2026 10:23:56] "GET /admin/blog/comment/ HTTP/1.1" 200 11533
[17/Jan/2026 10:23:56] "GET /admin/jsi18n/ HTTP/1.1" 200 8691
[17/Jan/2026 10:23:58] "GET /static/admin/css/changelists.css HTTP/1.1" 200 6811
[17/Jan/2026 10:23:58] "GET /static/admin/js/filters.js HTTP/1.1" 200 978
[17/Jan/2026 10:23:59] "GET /static/admin/img/search.svg HTTP/1.1" 200 458
[17/Jan/2026 10:23:59] "GET /static/admin/img/tooltag-add.svg HTTP/1.1" 200 331
[17/Jan/2026 10:24:07] "GET /api/comments/?category=hifi HTTP/1.1" 200 52
Forbidden: /api/comments/
[17/Jan/2026 10:24:43] "POST /api/comments/ HTTP/1.1" 403 108
Forbidden: /api/comments/
[17/Jan/2026 10:24:50] "POST /api/comments/ HTTP/1.1" 403 108
[17/Jan/2026 10:25:42] "POST /api/comments/ HTTP/1.1" 201 244
[17/Jan/2026 10:26:45] "GET /media/headphones/hifi/1.%20sennheiser_hd800s.webp HTTP/1.1" 304 0
[17/Jan/2026 10:26:45] "GET /media/headphones/hifi/3.%20Focal%20Clear%20MG.webp HTTP/1.1" 304 0
[17/Jan/2026 10:26:45] "GET /media/headphones/hifi/2.%20Audeze%20LCD2%20Planar.webp HTTP/1.1" 304 0
[17/Jan/2026 10:26:45] "GET /media/headphones/hifi/4.%20Beyerdynamic_DT1990_pro.webp HTTP/1.1" 304 0
[17/Jan/2026 10:26:45] "GET /media/headphones/hifi/5.%20Hifiman%20sundara.webp HTTP/1.1" 304 0
[17/Jan/2026 10:26:45] "GET /api/comments/?category=hifi HTTP/1.1" 200 237
[17/Jan/2026 10:26:45] "GET /api/comments/?category=hifi HTTP/1.1" 200 237
[17/Jan/2026 10:28:26] "POST /api/comments/ HTTP/1.1" 201 271
[17/Jan/2026 10:28:26] "GET /api/comments/?category=hifi HTTP/1.1" 200 450
[17/Jan/2026 10:29:03] "GET /api/comments/?category=hifi HTTP/1.1" 200 450
[17/Jan/2026 10:29:04] "GET /api/comments/?category=hifi HTTP/1.1" 200 450
[17/Jan/2026 10:30:09] "POST /api/comments/ HTTP/1.1" 201 268
[17/Jan/2026 10:30:09] "GET /api/comments/?category=hifi HTTP/1.1" 200 660
[17/Jan/2026 10:30:22] "GET /api/comments/?category=hifi HTTP/1.1" 200 660
[17/Jan/2026 10:30:22] "GET /api/comments/?category=hifi HTTP/1.1" 200 660
[17/Jan/2026 10:32:01] "GET /api/comments/?category=hifi HTTP/1.1" 200 660
[17/Jan/2026 10:32:01] "GET /api/comments/?category=hifi HTTP/1.1" 200 660
[17/Jan/2026 10:33:11] "POST /api/comments/ HTTP/1.1" 201 268
[17/Jan/2026 10:33:11] "GET /api/comments/?category=hifi HTTP/1.1" 200 870
[17/Jan/2026 10:33:43] "GET /api/comments/?category_slug=hifi HTTP/1.1" 200 870
[17/Jan/2026 10:34:09] "GET /api/comments/?category_slug=hifi HTTP/1.1" 200 870
[17/Jan/2026 10:35:09] "GET /api/comments/?category=hifi HTTP/1.1" 200 870
[17/Jan/2026 10:35:09] "GET /api/comments/?category=hifi HTTP/1.1" 200 870
[17/Jan/2026 10:35:09] "GET /api/comments/?category=hifi HTTP/1.1" 200 870
[17/Jan/2026 10:35:09] "GET /api/comments/?category=hifi HTTP/1.1" 200 870
[17/Jan/2026 10:35:09] "GET /api/comments/?category=hifi HTTP/1.1" 200 870
[17/Jan/2026 10:35:09] "GET /api/comments/?category=hifi HTTP/1.1" 200 870
[17/Jan/2026 10:35:09] "GET /api/comments/?category=hifi HTTP/1.1" 200 870
[17/Jan/2026 10:35:09] "GET /api/comments/?category=hifi HTTP/1.1" 200 870
[17/Jan/2026 10:35:09] "GET /api/comments/?category=hifi HTTP/1.1" 200 870
[17/Jan/2026 10:35:11] "GET /api/comments/?category=hifi HTTP/1.1" 200 870
[17/Jan/2026 10:35:38] "GET /api/comments/?category=hifi HTTP/1.1" 200 870
[17/Jan/2026 10:35:38] "GET /api/comments/?category=hifi HTTP/1.1" 200 870
[17/Jan/2026 10:36:27] "GET /admin/blog/ HTTP/1.1" 200 6860
[17/Jan/2026 10:36:28] "GET /admin/blog/comment/ HTTP/1.1" 200 16383
[17/Jan/2026 10:36:29] "GET /admin/jsi18n/ HTTP/1.1" 200 8691
[17/Jan/2026 10:36:31] "GET /static/admin/img/sorting-icons.svg HTTP/1.1" 200 1097
[17/Jan/2026 10:36:42] "GET /admin/blog/comment/?category__id__exact=1 HTTP/1.1" 200 12751
[17/Jan/2026 10:36:43] "GET /admin/jsi18n/ HTTP/1.1" 200 8691
[17/Jan/2026 10:36:45] "GET /admin/blog/comment/?category__id__exact=6 HTTP/1.1" 200 17137
[17/Jan/2026 10:36:45] "GET /admin/jsi18n/ HTTP/1.1" 200 8691
[17/Jan/2026 10:36:55] "GET /admin/auth/user/ HTTP/1.1" 200 12713
[17/Jan/2026 10:36:55] "GET /admin/jsi18n/ HTTP/1.1" 200 8691
[17/Jan/2026 10:36:57] "GET /static/admin/img/icon-yes.svg HTTP/1.1" 200 436
[17/Jan/2026 10:36:58] "GET /admin/auth/group/ HTTP/1.1" 200 9089
[17/Jan/2026 10:36:58] "GET /admin/jsi18n/ HTTP/1.1" 200 8691
[17/Jan/2026 10:37:05] "GET /admin/blog/headphone/ HTTP/1.1" 200 21740
[17/Jan/2026 10:37:05] "GET /admin/jsi18n/ HTTP/1.1" 200 8691
[17/Jan/2026 10:37:13] "GET /admin/blog/headphone/?category__id__exact=6 HTTP/1.1" 200 18791
[17/Jan/2026 10:37:13] "GET /admin/jsi18n/ HTTP/1.1" 200 8691
[17/Jan/2026 10:37:46] "GET /admin/blog/category/ HTTP/1.1" 200 14478
[17/Jan/2026 10:37:46] "GET /admin/jsi18n/ HTTP/1.1" 200 8691
[17/Jan/2026 10:37:54] "GET /admin/blog/comment/ HTTP/1.1" 200 16383
[17/Jan/2026 10:37:54] "GET /admin/jsi18n/ HTTP/1.1" 200 8691
[17/Jan/2026 10:38:13] "POST /admin/blog/comment/ HTTP/1.1" 302 0
[17/Jan/2026 10:38:13] "GET /admin/blog/comment/ HTTP/1.1" 200 16593
[17/Jan/2026 10:38:13] "GET /admin/jsi18n/ HTTP/1.1" 200 8691
[17/Jan/2026 10:38:15] "GET /static/admin/img/icon-alert.svg HTTP/1.1" 200 504
[17/Jan/2026 10:38:17] "GET /admin/blog/category/ HTTP/1.1" 200 14478
[17/Jan/2026 10:38:17] "GET /admin/jsi18n/ HTTP/1.1" 200 8691
[17/Jan/2026 10:38:18] "GET /admin/blog/comment/ HTTP/1.1" 200 16383
[17/Jan/2026 10:38:18] "GET /admin/jsi18n/ HTTP/1.1" 200 8691
[17/Jan/2026 10:38:28] "POST /admin/blog/comment/ HTTP/1.1" 200 9355
[17/Jan/2026 10:38:29] "GET /static/admin/js/cancel.js HTTP/1.1" 200 884
[17/Jan/2026 10:38:32] "POST /admin/blog/comment/ HTTP/1.1" 302 0
[17/Jan/2026 10:38:32] "GET /admin/blog/comment/ HTTP/1.1" 200 11684
[17/Jan/2026 10:38:32] "GET /admin/jsi18n/ HTTP/1.1" 200 8691
[17/Jan/2026 10:38:34] "GET /admin/auth/group/ HTTP/1.1" 200 9089
[17/Jan/2026 10:38:34] "GET /admin/jsi18n/ HTTP/1.1" 200 8691
[17/Jan/2026 10:38:47] "GET /api/comments/?category=hifi HTTP/1.1" 200 52
[17/Jan/2026 10:38:47] "GET /api/comments/?category=hifi HTTP/1.1" 200 52
[17/Jan/2026 10:38:57] "GET /api/categories/ HTTP/1.1" 200 924
[17/Jan/2026 10:38:57] "GET /api/categories/ HTTP/1.1" 200 924
[17/Jan/2026 10:39:01] "GET /api/articles/?type=novedad HTTP/1.1" 200 433
[17/Jan/2026 10:39:01] "GET /api/articles/?type=novedad HTTP/1.1" 200 433
[17/Jan/2026 10:39:02] "GET /api/articles/?type=analisis HTTP/1.1" 200 433
[17/Jan/2026 10:39:02] "GET /api/articles/?type=analisis HTTP/1.1" 200 433
[17/Jan/2026 10:39:05] "GET /api/categories/ HTTP/1.1" 200 924
[17/Jan/2026 10:39:05] "GET /api/categories/ HTTP/1.1" 200 924
[17/Jan/2026 10:47:08] "GET /api/comments/?category=noise-cancelling HTTP/1.1" 200 52
[17/Jan/2026 10:47:08] "GET /api/comments/?category=noise-cancelling HTTP/1.1" 200 52
[17/Jan/2026 10:47:27] "GET /api/comments/?category=true-wireless HTTP/1.1" 200 52
[17/Jan/2026 10:47:27] "GET /api/comments/?category=true-wireless HTTP/1.1" 200 52
[17/Jan/2026 10:47:37] "GET /api/comments/?category=sport HTTP/1.1" 200 52
[17/Jan/2026 10:47:38] "GET /api/comments/?category=sport HTTP/1.1" 200 52
[17/Jan/2026 10:47:48] "GET /api/comments/?category=gaming HTTP/1.1" 200 52
[17/Jan/2026 10:47:48] "GET /api/comments/?category=gaming HTTP/1.1" 200 52
[17/Jan/2026 10:48:00] "GET /api/comments/?category=in-ear HTTP/1.1" 200 52
[17/Jan/2026 10:48:00] "GET /api/comments/?category=in-ear HTTP/1.1" 200 52
[17/Jan/2026 10:50:47] "GET /api/comments/?category=noise-cancelling HTTP/1.1" 200 52
[17/Jan/2026 10:50:47] "GET /api/comments/?category=noise-cancelling HTTP/1.1" 200 52
[17/Jan/2026 10:51:27] "GET /api/categories/ HTTP/1.1" 200 924
[17/Jan/2026 10:51:27] "GET /api/categories/ HTTP/1.1" 200 924
[17/Jan/2026 10:51:28] "GET /api/comments/?category=true-wireless HTTP/1.1" 200 52
[17/Jan/2026 10:51:28] "GET /api/comments/?category=true-wireless HTTP/1.1" 200 52
[17/Jan/2026 10:51:48] "GET /api/categories/ HTTP/1.1" 200 924
[17/Jan/2026 10:51:48] "GET /api/categories/ HTTP/1.1" 200 924
[17/Jan/2026 10:51:49] "GET /api/comments/?category=sport HTTP/1.1" 200 52
[17/Jan/2026 10:51:49] "GET /api/comments/?category=sport HTTP/1.1" 200 52
[17/Jan/2026 10:52:10] "GET /api/articles/?page_size=6 HTTP/1.1" 200 1136
[17/Jan/2026 10:52:10] "GET /api/headphones/?featured=true HTTP/1.1" 200 7074
[17/Jan/2026 10:52:10] "GET /media/headphones/hifi/4.%20Beyerdynamic_DT1990_pro.webp HTTP/1.1" 304 0
[17/Jan/2026 10:52:10] "GET /api/articles/?page_size=6 HTTP/1.1" 200 1136
[17/Jan/2026 10:52:10] "GET /media/headphones/hifi/1.%20sennheiser_hd800s.webp HTTP/1.1" 304 0
[17/Jan/2026 10:52:10] "GET /media/headphones/hifi/2.%20Audeze%20LCD2%20Planar.webp HTTP/1.1" 304 0
[17/Jan/2026 10:52:10] "GET /media/headphones/hifi/3.%20Focal%20Clear%20MG.webp HTTP/1.1" 304 0
[17/Jan/2026 10:52:10] "GET /media/headphones/hifi/5.%20Hifiman%20sundara.webp HTTP/1.1" 304 0
[17/Jan/2026 10:52:10] "GET /api/headphones/?featured=true HTTP/1.1" 200 7074
[17/Jan/2026 10:52:17] "GET /api/headphones/audeze-lcd-2/ HTTP/1.1" 200 929
[17/Jan/2026 10:52:17] "GET /api/headphones/audeze-lcd-2/ HTTP/1.1" 200 929
[17/Jan/2026 10:52:22] "GET /api/articles/?page_size=6 HTTP/1.1" 200 1136
[17/Jan/2026 10:52:22] "GET /api/headphones/?featured=true HTTP/1.1" 200 7074
[17/Jan/2026 10:52:22] "GET /api/articles/?page_size=6 HTTP/1.1" 200 1136
[17/Jan/2026 10:52:22] "GET /api/headphones/?featured=true HTTP/1.1" 200 7074
[17/Jan/2026 10:53:09] "GET /api/articles/?type=analisis HTTP/1.1" 200 433
[17/Jan/2026 10:53:09] "GET /api/articles/?type=analisis HTTP/1.1" 200 433
[17/Jan/2026 10:53:10] "GET /api/articles/?type=novedad HTTP/1.1" 200 433
[17/Jan/2026 10:53:10] "GET /api/articles/?type=novedad HTTP/1.1" 200 433
[17/Jan/2026 10:53:11] "GET /api/categories/ HTTP/1.1" 200 924
[17/Jan/2026 10:53:11] "GET /api/categories/ HTTP/1.1" 200 924
[17/Jan/2026 10:53:37] "GET /api/articles/?page_size=6 HTTP/1.1" 200 1136
[17/Jan/2026 10:53:37] "GET /api/headphones/?featured=true HTTP/1.1" 200 7074
[17/Jan/2026 10:53:37] "GET /media/headphones/hifi/2.%20Audeze%20LCD2%20Planar.webp HTTP/1.1" 200 103164
[17/Jan/2026 10:53:37] "GET /media/headphones/hifi/4.%20Beyerdynamic_DT1990_pro.webp HTTP/1.1" 200 88282
[17/Jan/2026 10:53:37] "GET /media/headphones/hifi/5.%20Hifiman%20sundara.webp HTTP/1.1" 200 102160
[17/Jan/2026 10:53:37] "GET /media/headphones/hifi/3.%20Focal%20Clear%20MG.webp HTTP/1.1" 200 135532
[17/Jan/2026 10:53:37] "GET /media/headphones/hifi/1.%20sennheiser_hd800s.webp HTTP/1.1" 200 106904
[17/Jan/2026 10:54:06,160] - Broken pipe from ('127.0.0.1', 57620)
[17/Jan/2026 10:54:06,166] - Broken pipe from ('127.0.0.1', 57623)
[17/Jan/2026 10:54:06,166] - Broken pipe from ('127.0.0.1', 57618)
[17/Jan/2026 10:54:06,167] - Broken pipe from ('127.0.0.1', 57622)
[17/Jan/2026 10:54:06,168] - Broken pipe from ('127.0.0.1', 57619)
[17/Jan/2026 11:08:15] "GET /api/categories/ HTTP/1.1" 200 924
[17/Jan/2026 11:08:15] "GET /api/categories/ HTTP/1.1" 200 924
[18/Jan/2026 09:49:34] "GET /api/articles/?page_size=6 HTTP/1.1" 200 1136
[18/Jan/2026 09:49:34] "GET /api/headphones/?featured=true HTTP/1.1" 200 7074
[18/Jan/2026 09:49:34] "GET /api/articles/?page_size=6 HTTP/1.1" 200 1136
[18/Jan/2026 09:49:34] "GET /api/headphones/?featured=true HTTP/1.1" 200 7074
[18/Jan/2026 09:49:34] "GET /media/headphones/hifi/5.%20Hifiman%20sundara.webp HTTP/1.1" 304 0
[18/Jan/2026 09:49:34] "GET /media/headphones/hifi/4.%20Beyerdynamic_DT1990_pro.webp HTTP/1.1" 304 0
[18/Jan/2026 09:49:34] "GET /media/headphones/hifi/2.%20Audeze%20LCD2%20Planar.webp HTTP/1.1" 304 0
[18/Jan/2026 09:49:34] "GET /media/headphones/hifi/3.%20Focal%20Clear%20MG.webp HTTP/1.1" 304 0
[18/Jan/2026 09:49:34] "GET /media/headphones/hifi/1.%20sennheiser_hd800s.webp HTTP/1.1" 304 0
[18/Jan/2026 09:49:43] "GET /api/categories/ HTTP/1.1" 200 924
[18/Jan/2026 09:49:43] "GET /api/categories/ HTTP/1.1" 200 924
[18/Jan/2026 09:57:20] "GET /api/categories/ HTTP/1.1" 200 1293
[18/Jan/2026 09:57:31] "GET /api/categories/ HTTP/1.1" 200 1293
[18/Jan/2026 09:57:31] "GET /media/categories/shokz_openrun_Pro_2.webp HTTP/1.1" 200 27026
[18/Jan/2026 09:57:31] "GET /media/categories/bose_quietcomfort_ultra.webp HTTP/1.1" 200 33250
[18/Jan/2026 09:57:31] "GET /media/categories/bowers_and_wilkins_pi8.webp HTTP/1.1" 200 44392
[18/Jan/2026 09:57:31] "GET /media/categories/FIIO_FA9.webp HTTP/1.1" 200 42042
[18/Jan/2026 09:57:31] "GET /media/categories/Logitech_G_Astro_A50_LIGHTSPEED.webp HTTP/1.1" 200 90218
[18/Jan/2026 09:57:31] "GET /media/categories/hifiman_aranda.webp HTTP/1.1" 200 187394
[18/Jan/2026 09:57:31] "GET /api/categories/ HTTP/1.1" 200 1293
[18/Jan/2026 09:58:54] "GET /api/articles/?page_size=6 HTTP/1.1" 200 1136
[18/Jan/2026 09:58:54] "GET /api/headphones/?featured=true HTTP/1.1" 200 7074
[18/Jan/2026 09:58:54] "GET /api/articles/?page_size=6 HTTP/1.1" 200 1136
[18/Jan/2026 09:58:54] "GET /api/headphones/?featured=true HTTP/1.1" 200 7074
[18/Jan/2026 09:58:56] "GET /api/categories/ HTTP/1.1" 200 1293
[18/Jan/2026 09:58:56] "GET /api/categories/ HTTP/1.1" 200 1293
[18/Jan/2026 09:59:45] "GET /api/categories/ HTTP/1.1" 200 1293
[18/Jan/2026 09:59:45] "GET /api/categories/ HTTP/1.1" 200 1293
[18/Jan/2026 09:59:45] "GET /media/categories/bose_quietcomfort_ultra.webp HTTP/1.1" 304 0
[18/Jan/2026 09:59:45] "GET /media/categories/bowers_and_wilkins_pi8.webp HTTP/1.1" 304 0
[18/Jan/2026 09:59:45] "GET /media/categories/hifiman_aranda.webp HTTP/1.1" 304 0
[18/Jan/2026 09:59:45] "GET /media/categories/FIIO_FA9.webp HTTP/1.1" 304 0
[18/Jan/2026 09:59:46] "GET /media/categories/Logitech_G_Astro_A50_LIGHTSPEED.webp HTTP/1.1" 304 0
[18/Jan/2026 09:59:46] "GET /media/categories/shokz_openrun_Pro_2.webp HTTP/1.1" 304 0
[18/Jan/2026 10:00:04] "GET /api/categories/ HTTP/1.1" 200 1293
[18/Jan/2026 10:00:04] "GET /api/categories/ HTTP/1.1" 200 1293
[18/Jan/2026 10:03:31] "GET /api/categories/ HTTP/1.1" 200 1293
[18/Jan/2026 10:03:31] "GET /media/categories/shokz_openrun_Pro_2.webp HTTP/1.1" 304 0
[18/Jan/2026 10:03:31] "GET /media/categories/Logitech_G_Astro_A50_LIGHTSPEED.webp HTTP/1.1" 304 0
[18/Jan/2026 10:03:31] "GET /media/categories/FIIO_FA9.webp HTTP/1.1" 304 0
[18/Jan/2026 10:03:31] "GET /media/categories/bose_quietcomfort_ultra.webp HTTP/1.1" 304 0
[18/Jan/2026 10:03:31] "GET /media/categories/bowers_and_wilkins_pi8.webp HTTP/1.1" 304 0
[18/Jan/2026 10:03:31] "GET /media/categories/hifiman_aranda.webp HTTP/1.1" 304 0
[18/Jan/2026 10:03:31] "GET /api/categories/ HTTP/1.1" 200 1293
[18/Jan/2026 10:06:30] "GET /api/categories/ HTTP/1.1" 200 1293
[18/Jan/2026 10:06:30] "GET /media/categories/FIIO_FA9.webp HTTP/1.1" 304 0
[18/Jan/2026 10:06:30] "GET /media/categories/bowers_and_wilkins_pi8.webp HTTP/1.1" 304 0
[18/Jan/2026 10:06:30] "GET /media/categories/Logitech_G_Astro_A50_LIGHTSPEED.webp HTTP/1.1" 304 0
[18/Jan/2026 10:06:30] "GET /media/categories/bose_quietcomfort_ultra.webp HTTP/1.1" 304 0
[18/Jan/2026 10:06:30] "GET /media/categories/shokz_openrun_Pro_2.webp HTTP/1.1" 304 0
[18/Jan/2026 10:06:30] "GET /media/categories/hifiman_aranda.webp HTTP/1.1" 304 0
[18/Jan/2026 10:06:30] "GET /api/categories/ HTTP/1.1" 200 1293
[18/Jan/2026 10:09:26] "GET /api/categories/ HTTP/1.1" 200 1293
[18/Jan/2026 10:09:26] "GET /media/categories/bowers_and_wilkins_pi8.webp HTTP/1.1" 304 0
[18/Jan/2026 10:09:26] "GET /media/categories/bose_quietcomfort_ultra.webp HTTP/1.1" 304 0
[18/Jan/2026 10:09:26] "GET /media/categories/shokz_openrun_Pro_2.webp HTTP/1.1" 304 0
[18/Jan/2026 10:09:26] "GET /media/categories/hifiman_aranda.webp HTTP/1.1" 304 0
[18/Jan/2026 10:09:26] "GET /media/categories/Logitech_G_Astro_A50_LIGHTSPEED.webp HTTP/1.1" 304 0
[18/Jan/2026 10:09:26] "GET /media/categories/FIIO_FA9.webp HTTP/1.1" 304 0
[18/Jan/2026 10:09:26] "GET /api/categories/ HTTP/1.1" 200 1293
[18/Jan/2026 10:11:01] "GET /api/articles/?page_size=6 HTTP/1.1" 200 1136
[18/Jan/2026 10:11:01] "GET /api/headphones/?featured=true HTTP/1.1" 200 7074
[18/Jan/2026 10:11:01] "GET /api/articles/?page_size=6 HTTP/1.1" 200 1136
[18/Jan/2026 10:11:01] "GET /api/headphones/?featured=true HTTP/1.1" 200 7074
[18/Jan/2026 10:11:03] "GET /api/categories/ HTTP/1.1" 200 1293
[18/Jan/2026 10:11:03] "GET /media/categories/bose_quietcomfort_ultra.webp HTTP/1.1" 304 0
[18/Jan/2026 10:11:03] "GET /media/categories/bowers_and_wilkins_pi8.webp HTTP/1.1" 304 0
[18/Jan/2026 10:11:03] "GET /media/categories/hifiman_aranda.webp HTTP/1.1" 304 0
[18/Jan/2026 10:11:03] "GET /media/categories/FIIO_FA9.webp HTTP/1.1" 304 0
[18/Jan/2026 10:11:03] "GET /media/categories/shokz_openrun_Pro_2.webp HTTP/1.1" 304 0
[18/Jan/2026 10:11:03] "GET /media/categories/Logitech_G_Astro_A50_LIGHTSPEED.webp HTTP/1.1" 304 0
[18/Jan/2026 10:11:03] "GET /api/categories/ HTTP/1.1" 200 1293
[18/Jan/2026 10:11:13] "GET /api/comments/?category=hifi HTTP/1.1" 200 52
[18/Jan/2026 10:11:13] "GET /api/comments/?category=hifi HTTP/1.1" 200 52
[18/Jan/2026 10:11:22] "GET /api/categories/ HTTP/1.1" 200 1293
[18/Jan/2026 10:11:22] "GET /api/categories/ HTTP/1.1" 200 1293
[18/Jan/2026 10:12:13] "GET /api/comments/?category=hifi HTTP/1.1" 200 52
[18/Jan/2026 10:12:13] "GET /api/comments/?category=hifi HTTP/1.1" 200 52
[18/Jan/2026 10:13:08] "GET /api/comments/?category=hifi HTTP/1.1" 200 52
[18/Jan/2026 10:13:08] "GET /api/categories/ HTTP/1.1" 200 1293
[18/Jan/2026 10:13:08] "GET /media/categories/hifiman_aranda.webp HTTP/1.1" 304 0
[18/Jan/2026 10:13:08] "GET /media/categories/bose_quietcomfort_ultra.webp HTTP/1.1" 304 0
[18/Jan/2026 10:13:08] "GET /media/categories/bowers_and_wilkins_pi8.webp HTTP/1.1" 304 0
[18/Jan/2026 10:13:08] "GET /media/categories/FIIO_FA9.webp HTTP/1.1" 304 0
[18/Jan/2026 10:13:08] "GET /media/categories/shokz_openrun_Pro_2.webp HTTP/1.1" 304 0
[18/Jan/2026 10:13:08] "GET /media/categories/Logitech_G_Astro_A50_LIGHTSPEED.webp HTTP/1.1" 304 0
[18/Jan/2026 10:13:08] "GET /api/comments/?category=hifi HTTP/1.1" 200 52
[18/Jan/2026 10:13:08] "GET /api/categories/ HTTP/1.1" 200 1293
[18/Jan/2026 10:13:08] "GET /api/categories/ HTTP/1.1" 200 1293
[18/Jan/2026 10:13:08] "GET /media/categories/FIIO_FA9.webp HTTP/1.1" 304 0
[18/Jan/2026 10:13:08] "GET /media/categories/bowers_and_wilkins_pi8.webp HTTP/1.1" 304 0
[18/Jan/2026 10:13:08] "GET /media/categories/bose_quietcomfort_ultra.webp HTTP/1.1" 304 0
[18/Jan/2026 10:13:08] "GET /api/categories/ HTTP/1.1" 200 1293
[18/Jan/2026 10:13:08] "GET /media/categories/Logitech_G_Astro_A50_LIGHTSPEED.webp HTTP/1.1" 304 0
[18/Jan/2026 10:13:08] "GET /media/categories/hifiman_aranda.webp HTTP/1.1" 304 0
[18/Jan/2026 10:13:08] "GET /media/categories/shokz_openrun_Pro_2.webp HTTP/1.1" 304 0
[18/Jan/2026 10:13:08] "GET /api/categories/ HTTP/1.1" 200 1293
[18/Jan/2026 10:13:08] "GET /media/categories/bose_quietcomfort_ultra.webp HTTP/1.1" 304 0
[18/Jan/2026 10:13:08] "GET /media/categories/bowers_and_wilkins_pi8.webp HTTP/1.1" 304 0
[18/Jan/2026 10:13:08] "GET /media/categories/hifiman_aranda.webp HTTP/1.1" 304 0
[18/Jan/2026 10:13:08] "GET /media/categories/Logitech_G_Astro_A50_LIGHTSPEED.webp HTTP/1.1" 304 0
[18/Jan/2026 10:13:08] "GET /media/categories/FIIO_FA9.webp HTTP/1.1" 304 0
[18/Jan/2026 10:13:08] "GET /media/categories/shokz_openrun_Pro_2.webp HTTP/1.1" 304 0
[18/Jan/2026 10:13:08] "GET /api/categories/ HTTP/1.1" 200 1293
[18/Jan/2026 10:13:08] "GET /api/categories/ HTTP/1.1" 200 1293
[18/Jan/2026 10:13:08] "GET /api/categories/ HTTP/1.1" 200 1293
[18/Jan/2026 10:13:08] "GET /api/categories/ HTTP/1.1" 200 1293
[18/Jan/2026 10:13:08] "GET /api/categories/ HTTP/1.1" 200 1293
[18/Jan/2026 10:14:04] "GET /api/categories/ HTTP/1.1" 200 1293
[18/Jan/2026 10:14:04] "GET /api/categories/ HTTP/1.1" 200 1293
[18/Jan/2026 10:17:12] "GET /api/categories/ HTTP/1.1" 200 1293
[18/Jan/2026 10:17:12] "GET /media/categories/bowers_and_wilkins_pi8.webp HTTP/1.1" 304 0
[18/Jan/2026 10:17:12] "GET /media/categories/bose_quietcomfort_ultra.webp HTTP/1.1" 304 0
[18/Jan/2026 10:17:12] "GET /media/categories/hifiman_aranda.webp HTTP/1.1" 304 0
[18/Jan/2026 10:17:12] "GET /media/categories/Logitech_G_Astro_A50_LIGHTSPEED.webp HTTP/1.1" 304 0
[18/Jan/2026 10:17:12] "GET /media/categories/FIIO_FA9.webp HTTP/1.1" 304 0
[18/Jan/2026 10:17:12] "GET /media/categories/shokz_openrun_Pro_2.webp HTTP/1.1" 304 0
[18/Jan/2026 10:17:12] "GET /api/categories/ HTTP/1.1" 200 1293
[18/Jan/2026 10:17:20] "GET /api/categories/ HTTP/1.1" 200 1293
[18/Jan/2026 10:17:20] "GET /api/categories/ HTTP/1.1" 200 1293
[18/Jan/2026 10:17:31] "GET /api/categories/ HTTP/1.1" 200 1293
[18/Jan/2026 10:17:31] "GET /api/categories/ HTTP/1.1" 200 1293
[18/Jan/2026 10:18:18] "GET /api/categories/ HTTP/1.1" 200 1293
[18/Jan/2026 10:18:18] "GET /api/categories/ HTTP/1.1" 200 1293
[18/Jan/2026 10:20:10] "GET /api/articles/?page_size=6 HTTP/1.1" 200 1136
[18/Jan/2026 10:20:10] "GET /api/headphones/?featured=true HTTP/1.1" 200 7074
[18/Jan/2026 10:20:10] "GET /api/articles/?page_size=6 HTTP/1.1" 200 1136
[18/Jan/2026 10:20:10] "GET /api/headphones/?featured=true HTTP/1.1" 200 7074
[18/Jan/2026 10:23:24] "GET /api/categories/ HTTP/1.1" 200 1293
[18/Jan/2026 10:23:24] "GET /media/categories/bose_quietcomfort_ultra.webp HTTP/1.1" 304 0
[18/Jan/2026 10:23:24] "GET /media/categories/bowers_and_wilkins_pi8.webp HTTP/1.1" 304 0
[18/Jan/2026 10:23:24] "GET /media/categories/shokz_openrun_Pro_2.webp HTTP/1.1" 304 0
[18/Jan/2026 10:23:24] "GET /api/categories/ HTTP/1.1" 200 1293
[18/Jan/2026 10:23:24] "GET /media/categories/Logitech_G_Astro_A50_LIGHTSPEED.webp HTTP/1.1" 304 0
[18/Jan/2026 10:23:24] "GET /media/categories/hifiman_aranda.webp HTTP/1.1" 304 0
[18/Jan/2026 10:23:24] "GET /media/categories/FIIO_FA9.webp HTTP/1.1" 304 0
[18/Jan/2026 10:36:17] "GET /api/categories/ HTTP/1.1" 200 1293
[18/Jan/2026 10:36:17] "GET /api/categories/ HTTP/1.1" 200 1293
[18/Jan/2026 10:36:17] "GET /media/categories/bowers_and_wilkins_pi8.webp HTTP/1.1" 304 0
[18/Jan/2026 10:36:17] "GET /media/categories/shokz_openrun_Pro_2.webp HTTP/1.1" 304 0
[18/Jan/2026 10:36:17] "GET /media/categories/bose_quietcomfort_ultra.webp HTTP/1.1" 304 0
[18/Jan/2026 10:36:17] "GET /media/categories/Logitech_G_Astro_A50_LIGHTSPEED.webp HTTP/1.1" 304 0
[18/Jan/2026 10:36:17] "GET /media/categories/hifiman_aranda.webp HTTP/1.1" 304 0
[18/Jan/2026 10:36:17] "GET /media/categories/FIIO_FA9.webp HTTP/1.1" 304 0
[18/Jan/2026 10:51:07] "GET /api/categories/ HTTP/1.1" 200 1293
[18/Jan/2026 10:51:07] "GET /api/categories/ HTTP/1.1" 200 1293
[18/Jan/2026 10:51:07] "GET /media/categories/Logitech_G_Astro_A50_LIGHTSPEED.webp HTTP/1.1" 304 0
[18/Jan/2026 10:51:07] "GET /media/categories/bowers_and_wilkins_pi8.webp HTTP/1.1" 304 0
[18/Jan/2026 10:51:07] "GET /media/categories/shokz_openrun_Pro_2.webp HTTP/1.1" 304 0
[18/Jan/2026 10:51:07] "GET /media/categories/bose_quietcomfort_ultra.webp HTTP/1.1" 304 0
[18/Jan/2026 10:51:07] "GET /media/categories/hifiman_aranda.webp HTTP/1.1" 304 0
[18/Jan/2026 10:51:07] "GET /media/categories/FIIO_FA9.webp HTTP/1.1" 304 0
[18/Jan/2026 11:04:47] "GET /api/categories/ HTTP/1.1" 200 1293
[18/Jan/2026 11:04:47] "GET /api/categories/ HTTP/1.1" 200 1293
[18/Jan/2026 11:04:47] "GET /media/categories/bose_quietcomfort_ultra.webp HTTP/1.1" 304 0
[18/Jan/2026 11:04:47] "GET /media/categories/bowers_and_wilkins_pi8.webp HTTP/1.1" 304 0
[18/Jan/2026 11:04:47] "GET /media/categories/shokz_openrun_Pro_2.webp HTTP/1.1" 304 0
[18/Jan/2026 11:04:47] "GET /media/categories/hifiman_aranda.webp HTTP/1.1" 304 0
[18/Jan/2026 11:04:47] "GET /media/categories/Logitech_G_Astro_A50_LIGHTSPEED.webp HTTP/1.1" 304 0
[18/Jan/2026 11:04:47] "GET /media/categories/FIIO_FA9.webp HTTP/1.1" 304 0
[18/Jan/2026 11:05:24] "GET /api/categories/ HTTP/1.1" 200 1293
[18/Jan/2026 11:05:24] "GET /api/categories/ HTTP/1.1" 200 1293
[18/Jan/2026 11:06:08] "GET /api/categories/ HTTP/1.1" 200 1293
[18/Jan/2026 11:06:08] "GET /api/categories/ HTTP/1.1" 200 1293
[18/Jan/2026 11:08:39] "GET /api/categories/ HTTP/1.1" 200 1293
[18/Jan/2026 11:08:39] "GET /api/categories/ HTTP/1.1" 200 1293
[18/Jan/2026 11:09:36] "GET /api/categories/ HTTP/1.1" 200 1293
[18/Jan/2026 11:09:36] "GET /api/categories/ HTTP/1.1" 200 1293
[18/Jan/2026 11:14:42] "GET /api/categories/ HTTP/1.1" 200 1293
[18/Jan/2026 11:14:42] "GET /api/categories/ HTTP/1.1" 200 1293
[18/Jan/2026 11:14:42] "GET /media/categories/bowers_and_wilkins_pi8.webp HTTP/1.1" 304 0
[18/Jan/2026 11:14:42] "GET /media/categories/bose_quietcomfort_ultra.webp HTTP/1.1" 304 0
[18/Jan/2026 11:14:42] "GET /media/categories/shokz_openrun_Pro_2.webp HTTP/1.1" 304 0
[18/Jan/2026 11:14:42] "GET /media/categories/hifiman_aranda.webp HTTP/1.1" 304 0
[18/Jan/2026 11:14:42] "GET /media/categories/FIIO_FA9.webp HTTP/1.1" 304 0
[18/Jan/2026 11:14:42] "GET /media/categories/Logitech_G_Astro_A50_LIGHTSPEED.webp HTTP/1.1" 304 0
[18/Jan/2026 11:14:51] "GET /api/categories/ HTTP/1.1" 200 1293
[18/Jan/2026 11:14:51] "GET /api/categories/ HTTP/1.1" 200 1293
[18/Jan/2026 11:15:03] "GET /api/categories/ HTTP/1.1" 200 1293
[18/Jan/2026 11:15:03] "GET /api/categories/ HTTP/1.1" 200 1293
[18/Jan/2026 11:15:44] "GET /api/categories/ HTTP/1.1" 200 1293
[18/Jan/2026 11:15:44] "GET /api/categories/ HTTP/1.1" 200 1293
[18/Jan/2026 11:22:25] "GET /api/categories/ HTTP/1.1" 200 1293
[18/Jan/2026 11:22:25] "GET /api/categories/ HTTP/1.1" 200 1293
[18/Jan/2026 11:22:26] "GET /api/categories/ HTTP/1.1" 200 1293
[18/Jan/2026 11:22:26] "GET /api/categories/ HTTP/1.1" 200 1293
[18/Jan/2026 17:24:02] "GET /api/categories/ HTTP/1.1" 200 1293
[18/Jan/2026 17:24:02] "GET /media/categories/bowers_and_wilkins_pi8.webp HTTP/1.1" 304 0
[18/Jan/2026 17:24:02] "GET /media/categories/bose_quietcomfort_ultra.webp HTTP/1.1" 304 0
[18/Jan/2026 17:24:02] "GET /media/categories/shokz_openrun_Pro_2.webp HTTP/1.1" 304 0
[18/Jan/2026 17:24:02] "GET /media/categories/Logitech_G_Astro_A50_LIGHTSPEED.webp HTTP/1.1" 304 0
[18/Jan/2026 17:24:02] "GET /media/categories/FIIO_FA9.webp HTTP/1.1" 304 0
[18/Jan/2026 17:24:02] "GET /media/categories/hifiman_aranda.webp HTTP/1.1" 304 0
[18/Jan/2026 17:24:02] "GET /api/categories/ HTTP/1.1" 200 1293
[18/Jan/2026 17:25:48] "GET /api/categories/ HTTP/1.1" 200 1293
[18/Jan/2026 17:25:48] "GET /api/categories/ HTTP/1.1" 200 1293
[18/Jan/2026 17:27:56] "GET /api/articles/?page_size=6 HTTP/1.1" 200 1136
[18/Jan/2026 17:27:56] "GET /api/headphones/?featured=true HTTP/1.1" 200 7074
[18/Jan/2026 17:27:56] "GET /api/articles/?page_size=6 HTTP/1.1" 200 1136
[18/Jan/2026 17:27:56] "GET /api/headphones/?featured=true HTTP/1.1" 200 7074
[18/Jan/2026 17:27:56] "GET /media/headphones/hifi/1.%20sennheiser_hd800s.webp HTTP/1.1" 304 0
[18/Jan/2026 17:27:56] "GET /media/headphones/hifi/5.%20Hifiman%20sundara.webp HTTP/1.1" 304 0
[18/Jan/2026 17:27:56] "GET /media/headphones/hifi/3.%20Focal%20Clear%20MG.webp HTTP/1.1" 304 0
[18/Jan/2026 17:27:56] "GET /media/headphones/hifi/2.%20Audeze%20LCD2%20Planar.webp HTTP/1.1" 304 0
[18/Jan/2026 17:27:56] "GET /media/headphones/hifi/4.%20Beyerdynamic_DT1990_pro.webp HTTP/1.1" 304 0
[18/Jan/2026 17:28:32] "GET /api/articles/?type=analisis HTTP/1.1" 200 433
[18/Jan/2026 17:28:32] "GET /api/articles/?type=analisis HTTP/1.1" 200 433
[18/Jan/2026 17:28:34] "GET /api/articles/?type=novedad HTTP/1.1" 200 433
[18/Jan/2026 17:28:34] "GET /api/articles/?type=novedad HTTP/1.1" 200 433
[18/Jan/2026 17:29:13] "GET /api/categories/ HTTP/1.1" 200 1293
[18/Jan/2026 17:29:13] "GET /api/categories/ HTTP/1.1" 200 1293
[18/Jan/2026 17:29:16] "GET /api/comments/?category=noise-cancelling HTTP/1.1" 200 52
[18/Jan/2026 17:29:16] "GET /api/comments/?category=noise-cancelling HTTP/1.1" 200 52
/Users/francervantesruiz/Documents/0_webs/proyecto_web/backend/van360sound/settings.py changed, reloading.
Watching for file changes with StatReloader
Performing system checks...

System check identified no issues (0 silenced).
Exception in thread django-main-thread:
Traceback (most recent call last):
  File "/Users/francervantesruiz/Documents/0_webs/proyecto_web/backend/venv/lib/python3.13/site-packages/django/core/servers/basehttp.py", line 48, in get_internal_wsgi_application
    return import_string(app_path)
  File "/Users/francervantesruiz/Documents/0_webs/proyecto_web/backend/venv/lib/python3.13/site-packages/django/utils/module_loading.py", line 30, in import_string
    return cached_import(module_path, class_name)
  File "/Users/francervantesruiz/Documents/0_webs/proyecto_web/backend/venv/lib/python3.13/site-packages/django/utils/module_loading.py", line 15, in cached_import
    module = import_module(module_path)
  File "/Library/Frameworks/Python.framework/Versions/3.13/lib/python3.13/importlib/__init__.py", line 88, in import_module
    return _bootstrap._gcd_import(name[level:], package, level)
           ~~~~~~~~~~~~~~~~~~~~~~^^^^^^^^^^^^^^^^^^^^^^^^^^^^^^
  File "<frozen importlib._bootstrap>", line 1387, in _gcd_import
  File "<frozen importlib._bootstrap>", line 1360, in _find_and_load
  File "<frozen importlib._bootstrap>", line 1331, in _find_and_load_unlocked
  File "<frozen importlib._bootstrap>", line 935, in _load_unlocked
  File "<frozen importlib._bootstrap_external>", line 1026, in exec_module
  File "<frozen importlib._bootstrap>", line 488, in _call_with_frames_removed
  File "/Users/francervantesruiz/Documents/0_webs/proyecto_web/backend/van360sound/wsgi.py", line 16, in <module>
    application = get_wsgi_application()
  File "/Users/francervantesruiz/Documents/0_webs/proyecto_web/backend/venv/lib/python3.13/site-packages/django/core/wsgi.py", line 13, in get_wsgi_application
    return WSGIHandler()
  File "/Users/francervantesruiz/Documents/0_webs/proyecto_web/backend/venv/lib/python3.13/site-packages/django/core/handlers/wsgi.py", line 118, in __init__
    self.load_middleware()
    ~~~~~~~~~~~~~~~~~~~~^^
  File "/Users/francervantesruiz/Documents/0_webs/proyecto_web/backend/venv/lib/python3.13/site-packages/django/core/handlers/base.py", line 40, in load_middleware
    middleware = import_string(middleware_path)
  File "/Users/francervantesruiz/Documents/0_webs/proyecto_web/backend/venv/lib/python3.13/site-packages/django/utils/module_loading.py", line 30, in import_string
    return cached_import(module_path, class_name)
  File "/Users/francervantesruiz/Documents/0_webs/proyecto_web/backend/venv/lib/python3.13/site-packages/django/utils/module_loading.py", line 15, in cached_import
    module = import_module(module_path)
  File "/Library/Frameworks/Python.framework/Versions/3.13/lib/python3.13/importlib/__init__.py", line 88, in import_module
    return _bootstrap._gcd_import(name[level:], package, level)
           ~~~~~~~~~~~~~~~~~~~~~~^^^^^^^^^^^^^^^^^^^^^^^^^^^^^^
  File "<frozen importlib._bootstrap>", line 1387, in _gcd_import
  File "<frozen importlib._bootstrap>", line 1360, in _find_and_load
  File "<frozen importlib._bootstrap>", line 1310, in _find_and_load_unlocked
  File "<frozen importlib._bootstrap>", line 488, in _call_with_frames_removed
  File "<frozen importlib._bootstrap>", line 1387, in _gcd_import
  File "<frozen importlib._bootstrap>", line 1360, in _find_and_load
  File "<frozen importlib._bootstrap>", line 1324, in _find_and_load_unlocked
ModuleNotFoundError: No module named 'whitenoise'

The above exception was the direct cause of the following exception:

Traceback (most recent call last):
  File "/Library/Frameworks/Python.framework/Versions/3.13/lib/python3.13/threading.py", line 1041, in _bootstrap_inner
    self.run()
    ~~~~~~~~^^
  File "/Library/Frameworks/Python.framework/Versions/3.13/lib/python3.13/threading.py", line 992, in run
    self._target(*self._args, **self._kwargs)
    ~~~~~~~~~~~~^^^^^^^^^^^^^^^^^^^^^^^^^^^^^
  File "/Users/francervantesruiz/Documents/0_webs/proyecto_web/backend/venv/lib/python3.13/site-packages/django/utils/autoreload.py", line 64, in wrapper
    fn(*args, **kwargs)
    ~~^^^^^^^^^^^^^^^^^
  File "/Users/francervantesruiz/Documents/0_webs/proyecto_web/backend/venv/lib/python3.13/site-packages/django/core/management/commands/runserver.py", line 139, in inner_run
    handler = self.get_handler(*args, **options)
  File "/Users/francervantesruiz/Documents/0_webs/proyecto_web/backend/venv/lib/python3.13/site-packages/django/contrib/staticfiles/management/commands/runserver.py", line 31, in get_handler
    handler = super().get_handler(*args, **options)
  File "/Users/francervantesruiz/Documents/0_webs/proyecto_web/backend/venv/lib/python3.13/site-packages/django/core/management/commands/runserver.py", line 78, in get_handler
    return get_internal_wsgi_application()
  File "/Users/francervantesruiz/Documents/0_webs/proyecto_web/backend/venv/lib/python3.13/site-packages/django/core/servers/basehttp.py", line 50, in get_internal_wsgi_application
    raise ImproperlyConfigured(
    ...<2 lines>...
    ) from err
django.core.exceptions.ImproperlyConfigured: WSGI application 'van360sound.wsgi.application' could not be loaded; Error importing module.
/Users/francervantesruiz/Documents/0_webs/proyecto_web/backend/van360sound/settings.py changed, reloading.
Watching for file changes with StatReloader
Performing system checks...

System check identified no issues (0 silenced).
Exception in thread django-main-thread:
Traceback (most recent call last):
  File "/Users/francervantesruiz/Documents/0_webs/proyecto_web/backend/venv/lib/python3.13/site-packages/django/core/servers/basehttp.py", line 48, in get_internal_wsgi_application
    return import_string(app_path)
  File "/Users/francervantesruiz/Documents/0_webs/proyecto_web/backend/venv/lib/python3.13/site-packages/django/utils/module_loading.py", line 30, in import_string
    return cached_import(module_path, class_name)
  File "/Users/francervantesruiz/Documents/0_webs/proyecto_web/backend/venv/lib/python3.13/site-packages/django/utils/module_loading.py", line 15, in cached_import
    module = import_module(module_path)
  File "/Library/Frameworks/Python.framework/Versions/3.13/lib/python3.13/importlib/__init__.py", line 88, in import_module
    return _bootstrap._gcd_import(name[level:], package, level)
           ~~~~~~~~~~~~~~~~~~~~~~^^^^^^^^^^^^^^^^^^^^^^^^^^^^^^
  File "<frozen importlib._bootstrap>", line 1387, in _gcd_import
  File "<frozen importlib._bootstrap>", line 1360, in _find_and_load
  File "<frozen importlib._bootstrap>", line 1331, in _find_and_load_unlocked
  File "<frozen importlib._bootstrap>", line 935, in _load_unlocked
  File "<frozen importlib._bootstrap_external>", line 1026, in exec_module
  File "<frozen importlib._bootstrap>", line 488, in _call_with_frames_removed
  File "/Users/francervantesruiz/Documents/0_webs/proyecto_web/backend/van360sound/wsgi.py", line 16, in <module>
    application = get_wsgi_application()
  File "/Users/francervantesruiz/Documents/0_webs/proyecto_web/backend/venv/lib/python3.13/site-packages/django/core/wsgi.py", line 13, in get_wsgi_application
    return WSGIHandler()
  File "/Users/francervantesruiz/Documents/0_webs/proyecto_web/backend/venv/lib/python3.13/site-packages/django/core/handlers/wsgi.py", line 118, in __init__
    self.load_middleware()
    ~~~~~~~~~~~~~~~~~~~~^^
  File "/Users/francervantesruiz/Documents/0_webs/proyecto_web/backend/venv/lib/python3.13/site-packages/django/core/handlers/base.py", line 40, in load_middleware
    middleware = import_string(middleware_path)
  File "/Users/francervantesruiz/Documents/0_webs/proyecto_web/backend/venv/lib/python3.13/site-packages/django/utils/module_loading.py", line 30, in import_string
    return cached_import(module_path, class_name)
  File "/Users/francervantesruiz/Documents/0_webs/proyecto_web/backend/venv/lib/python3.13/site-packages/django/utils/module_loading.py", line 15, in cached_import
    module = import_module(module_path)
  File "/Library/Frameworks/Python.framework/Versions/3.13/lib/python3.13/importlib/__init__.py", line 88, in import_module
    return _bootstrap._gcd_import(name[level:], package, level)
           ~~~~~~~~~~~~~~~~~~~~~~^^^^^^^^^^^^^^^^^^^^^^^^^^^^^^
  File "<frozen importlib._bootstrap>", line 1387, in _gcd_import
  File "<frozen importlib._bootstrap>", line 1360, in _find_and_load
  File "<frozen importlib._bootstrap>", line 1310, in _find_and_load_unlocked
  File "<frozen importlib._bootstrap>", line 488, in _call_with_frames_removed
  File "<frozen importlib._bootstrap>", line 1387, in _gcd_import
  File "<frozen importlib._bootstrap>", line 1360, in _find_and_load
  File "<frozen importlib._bootstrap>", line 1324, in _find_and_load_unlocked
ModuleNotFoundError: No module named 'whitenoise'

The above exception was the direct cause of the following exception:

Traceback (most recent call last):
  File "/Library/Frameworks/Python.framework/Versions/3.13/lib/python3.13/threading.py", line 1041, in _bootstrap_inner
    self.run()
    ~~~~~~~~^^
  File "/Library/Frameworks/Python.framework/Versions/3.13/lib/python3.13/threading.py", line 992, in run
    self._target(*self._args, **self._kwargs)
    ~~~~~~~~~~~~^^^^^^^^^^^^^^^^^^^^^^^^^^^^^
  File "/Users/francervantesruiz/Documents/0_webs/proyecto_web/backend/venv/lib/python3.13/site-packages/django/utils/autoreload.py", line 64, in wrapper
    fn(*args, **kwargs)
    ~~^^^^^^^^^^^^^^^^^
  File "/Users/francervantesruiz/Documents/0_webs/proyecto_web/backend/venv/lib/python3.13/site-packages/django/core/management/commands/runserver.py", line 139, in inner_run
    handler = self.get_handler(*args, **options)
  File "/Users/francervantesruiz/Documents/0_webs/proyecto_web/backend/venv/lib/python3.13/site-packages/django/contrib/staticfiles/management/commands/runserver.py", line 31, in get_handler
    handler = super().get_handler(*args, **options)
  File "/Users/francervantesruiz/Documents/0_webs/proyecto_web/backend/venv/lib/python3.13/site-packages/django/core/management/commands/runserver.py", line 78, in get_handler
    return get_internal_wsgi_application()
  File "/Users/francervantesruiz/Documents/0_webs/proyecto_web/backend/venv/lib/python3.13/site-packages/django/core/servers/basehttp.py", line 50, in get_internal_wsgi_application
    raise ImproperlyConfigured(
    ...<2 lines>...
    ) from err
django.core.exceptions.ImproperlyConfigured: WSGI application 'van360sound.wsgi.application' could not be loaded; Error importing module.
